<?xml version="1.0" encoding="UTF-8"?>
<!-- Generated by org.testng.reporters.JUnitReportReporter -->
<testsuite hostname="DESKTOP-UARTOMT" failures="0" tests="3" name="TestFramework.excelDriven" time="8.619" errors="0" timestamp="2021-07-26T02:07:58 CDT" skipped="0">
  <testcase classname="TestFramework.excelDriven" name="deleteBook" time="4.535"/>
  <system-out/>
  <testcase classname="TestFramework.excelDriven" name="addBook" time="3.408"/>
  <system-out/>
  <testcase classname="TestFramework.excelDriven" name="getBook" time="0.676"/>
  <system-out/>
</testsuite> <!-- TestFramework.excelDriven -->
