<?xml version="1.0" encoding="UTF-8"?>
<!-- Generated by org.testng.reporters.JUnitReportReporter -->
<testsuite hostname="DESKTOP-UARTOMT" failures="0" tests="3" name="TestFramework.excelDriven" time="5.449" errors="0" timestamp="2021-07-25T22:54:48 CDT" skipped="0">
  <testcase classname="TestFramework.excelDriven" name="deleteBook" time="2.926"/>
  <system-out/>
  <testcase classname="TestFramework.excelDriven" name="addBook" time="0.924"/>
  <system-out/>
  <testcase classname="TestFramework.excelDriven" name="getBook" time="1.599"/>
  <system-out/>
</testsuite> <!-- TestFramework.excelDriven -->
