<?xml version="1.0" encoding="UTF-8"?>
<!-- Generated by org.testng.reporters.JUnitReportReporter -->
<testsuite hostname="DESKTOP-UARTOMT" failures="0" tests="1" name="TestFramework.excelDriven" time="3.023" errors="0" timestamp="2021-07-25T21:27:03 CDT" skipped="0">
  <testcase classname="TestFramework.excelDriven" name="getBook" time="3.023"/>
  <system-out/>
</testsuite> <!-- TestFramework.excelDriven -->
