<?xml version="1.0" encoding="UTF-8"?>
<!-- Generated by org.testng.reporters.JUnitReportReporter -->
<testsuite hostname="DESKTOP-UARTOMT" failures="0" tests="3" name="TestFramework.excelDriven" time="6.890" errors="0" timestamp="2021-07-26T01:08:50 CDT" skipped="0">
  <testcase classname="TestFramework.excelDriven" name="deleteBook" time="3.797"/>
  <system-out/>
  <testcase classname="TestFramework.excelDriven" name="addBook" time="1.076"/>
  <system-out/>
  <testcase classname="TestFramework.excelDriven" name="getBook" time="2.017"/>
  <system-out/>
</testsuite> <!-- TestFramework.excelDriven -->
