<?xml version="1.0" encoding="UTF-8"?>
<!-- Generated by org.testng.reporters.JUnitReportReporter -->
<testsuite hostname="DESKTOP-UARTOMT" failures="0" tests="3" name="TestFramework.excelDriven" time="7.259" errors="0" timestamp="2021-07-26T01:17:40 CDT" skipped="0">
  <testcase classname="TestFramework.excelDriven" name="deleteBook" time="4.317"/>
  <system-out/>
  <testcase classname="TestFramework.excelDriven" name="addBook" time="0.987"/>
  <system-out/>
  <testcase classname="TestFramework.excelDriven" name="getBook" time="1.955"/>
  <system-out/>
</testsuite> <!-- TestFramework.excelDriven -->
