<?xml version="1.0" encoding="UTF-8"?>
<!-- Generated by org.testng.reporters.JUnitReportReporter -->
<testsuite skipped="0" hostname="DESKTOP-UARTOMT" name="TestFramework.excelDriven" tests="3" failures="0" timestamp="2021-07-25T23:29:50 CDT" time="6.054" errors="0">
  <testcase name="deleteBook" time="4.587" classname="TestFramework.excelDriven"/>
  <system-out/>
  <testcase name="addBook" time="0.871" classname="TestFramework.excelDriven"/>
  <system-out/>
  <testcase name="getBook" time="0.596" classname="TestFramework.excelDriven"/>
  <system-out/>
</testsuite> <!-- TestFramework.excelDriven -->
